<?xml version="1.0" encoding="UTF-8" ?>
<testsuite tests="1" failures="0" name="com.deimos.PruebaUT" time="0.266" errors="0" skipped="0">
  <properties>
    <property name="java.runtime.name" value="Java(TM) SE Runtime Environment"/>
    <property name="sun.boot.library.path" value="C:\Program Files\Java\jdk1.8.0_111\jre\bin"/>
    <property name="java.vm.version" value="25.111-b14"/>
    <property name="user.country.format" value="ES"/>
    <property name="java.vm.vendor" value="Oracle Corporation"/>
    <property name="java.vendor.url" value="http://java.oracle.com/"/>
    <property name="path.separator" value=";"/>
    <property name="java.vm.name" value="Java HotSpot(TM) 64-Bit Server VM"/>
    <property name="file.encoding.pkg" value="sun.io"/>
    <property name="user.script" value=""/>
    <property name="user.country" value="US"/>
    <property name="sun.java.launcher" value="SUN_STANDARD"/>
    <property name="sun.os.patch.level" value="Service Pack 1"/>
    <property name="java.vm.specification.name" value="Java Virtual Machine Specification"/>
    <property name="user.dir" value="C:\Users\curso\Ecosistema\workspace\ProyectoFinal"/>
    <property name="java.runtime.version" value="1.8.0_111-b14"/>
    <property name="java.awt.graphicsenv" value="sun.awt.Win32GraphicsEnvironment"/>
    <property name="basedir" value="C:\Users\curso\Ecosistema\workspace\ProyectoFinal"/>
    <property name="java.endorsed.dirs" value="C:\Program Files\Java\jdk1.8.0_111\jre\lib\endorsed"/>
    <property name="os.arch" value="amd64"/>
    <property name="surefire.real.class.path" value="C:\Users\curso\Ecosistema\workspace\ProyectoFinal\target\surefire\surefirebooter3431875712944078981.jar;C:\\Users\\curso\\.m2\\repository\\org\\jacoco\\org.jacoco.agent\\0.7.5.201505241946\\org.jacoco.agent-0.7.5.201505241946-runtime.jar"/>
    <property name="java.io.tmpdir" value="C:\Users\curso\AppData\Local\Temp\"/>
    <property name="line.separator" value="
"/>
    <property name="java.vm.specification.vendor" value="Oracle Corporation"/>
    <property name="user.variant" value=""/>
    <property name="os.name" value="Windows 7"/>
    <property name="sun.jnu.encoding" value="Cp1252"/>
    <property name="java.library.path" value="C:\Program Files\Java\jdk1.8.0_111\jre\bin;C:\Windows\Sun\Java\bin;C:\Windows\system32;C:\Windows;C:/Program Files/Java/jre1.8.0_111/bin/server;C:/Program Files/Java/jre1.8.0_111/bin;C:/Program Files/Java/jre1.8.0_111/lib/amd64;C:\ProgramData\Oracle\Java\javapath;C:\Program Files (x86)\Common Files\NetSarang;C:\Windows\system32;C:\Windows;C:\Windows\System32\Wbem;C:\Windows\System32\WindowsPowerShell\v1.0\;C:\Program Files\Dell\DW WLAN Card;C:\Program Files (x86)\Skype\Phone\;C:\Program Files\Git\cmd;C:\Users\curso\Ecosistema\eclipse;;."/>
    <property name="surefire.test.class.path" value="C:\Users\curso\Ecosistema\workspace\ProyectoFinal\target\test-classes;C:\Users\curso\Ecosistema\workspace\ProyectoFinal\target\classes;C:\Users\curso\.m2\repository\junit\junit\4.12\junit-4.12.jar;C:\Users\curso\.m2\repository\org\hamcrest\hamcrest-core\1.3\hamcrest-core-1.3.jar;C:\Users\curso\.m2\repository\org\seleniumhq\selenium\selenium-java\3.0.0\selenium-java-3.0.0.jar;C:\Users\curso\.m2\repository\org\seleniumhq\selenium\selenium-chrome-driver\3.0.0\selenium-chrome-driver-3.0.0.jar;C:\Users\curso\.m2\repository\org\seleniumhq\selenium\selenium-remote-driver\3.0.0\selenium-remote-driver-3.0.0.jar;C:\Users\curso\.m2\repository\org\seleniumhq\selenium\selenium-api\3.0.0\selenium-api-3.0.0.jar;C:\Users\curso\.m2\repository\cglib\cglib-nodep\3.2.4\cglib-nodep-3.2.4.jar;C:\Users\curso\.m2\repository\org\apache\commons\commons-exec\1.3\commons-exec-1.3.jar;C:\Users\curso\.m2\repository\com\google\code\gson\gson\2.3.1\gson-2.3.1.jar;C:\Users\curso\.m2\repository\com\google\guava\guava\19.0\guava-19.0.jar;C:\Users\curso\.m2\repository\org\apache\httpcomponents\httpmime\4.5.2\httpmime-4.5.2.jar;C:\Users\curso\.m2\repository\org\apache\httpcomponents\httpclient\4.5.2\httpclient-4.5.2.jar;C:\Users\curso\.m2\repository\org\apache\httpcomponents\httpcore\4.4.4\httpcore-4.4.4.jar;C:\Users\curso\.m2\repository\commons-logging\commons-logging\1.2\commons-logging-1.2.jar;C:\Users\curso\.m2\repository\commons-codec\commons-codec\1.9\commons-codec-1.9.jar;C:\Users\curso\.m2\repository\net\java\dev\jna\jna-platform\4.1.0\jna-platform-4.1.0.jar;C:\Users\curso\.m2\repository\net\java\dev\jna\jna\4.1.0\jna-4.1.0.jar;C:\Users\curso\.m2\repository\org\seleniumhq\selenium\selenium-edge-driver\3.0.0\selenium-edge-driver-3.0.0.jar;C:\Users\curso\.m2\repository\org\seleniumhq\selenium\selenium-firefox-driver\3.0.0\selenium-firefox-driver-3.0.0.jar;C:\Users\curso\.m2\repository\org\seleniumhq\selenium\selenium-ie-driver\3.0.0\selenium-ie-driver-3.0.0.jar;C:\Users\curso\.m2\repository\org\seleniumhq\selenium\selenium-opera-driver\3.0.0\selenium-opera-driver-3.0.0.jar;C:\Users\curso\.m2\repository\org\seleniumhq\selenium\selenium-safari-driver\3.0.0\selenium-safari-driver-3.0.0.jar;C:\Users\curso\.m2\repository\io\netty\netty\3.5.7.Final\netty-3.5.7.Final.jar;C:\Users\curso\.m2\repository\org\seleniumhq\selenium\selenium-support\3.0.0\selenium-support-3.0.0.jar;C:\Users\curso\.m2\repository\com\codeborne\phantomjsdriver\1.3.0\phantomjsdriver-1.3.0.jar;C:\Users\curso\.m2\repository\org\mockito\mockito-all\1.10.19\mockito-all-1.10.19.jar;C:\Users\curso\.m2\repository\org\apache\tomcat\tomcat-catalina\7.0.72\tomcat-catalina-7.0.72.jar;C:\Users\curso\.m2\repository\org\apache\tomcat\tomcat-servlet-api\7.0.72\tomcat-servlet-api-7.0.72.jar;C:\Users\curso\.m2\repository\org\apache\tomcat\tomcat-juli\7.0.72\tomcat-juli-7.0.72.jar;C:\Users\curso\.m2\repository\org\apache\tomcat\tomcat-annotations-api\7.0.72\tomcat-annotations-api-7.0.72.jar;C:\Users\curso\.m2\repository\org\apache\tomcat\tomcat-api\7.0.72\tomcat-api-7.0.72.jar;C:\Users\curso\.m2\repository\org\apache\tomcat\tomcat-util\7.0.72\tomcat-util-7.0.72.jar;"/>
    <property name="java.specification.name" value="Java Platform API Specification"/>
    <property name="java.class.version" value="52.0"/>
    <property name="sun.management.compiler" value="HotSpot 64-Bit Tiered Compilers"/>
    <property name="os.version" value="6.1"/>
    <property name="user.home" value="C:\Users\curso"/>
    <property name="user.timezone" value=""/>
    <property name="java.awt.printerjob" value="sun.awt.windows.WPrinterJob"/>
    <property name="java.specification.version" value="1.8"/>
    <property name="file.encoding" value="Cp1252"/>
    <property name="user.name" value="curso"/>
    <property name="java.class.path" value="C:\Users\curso\Ecosistema\workspace\ProyectoFinal\target\test-classes;C:\Users\curso\Ecosistema\workspace\ProyectoFinal\target\classes;C:\Users\curso\.m2\repository\junit\junit\4.12\junit-4.12.jar;C:\Users\curso\.m2\repository\org\hamcrest\hamcrest-core\1.3\hamcrest-core-1.3.jar;C:\Users\curso\.m2\repository\org\seleniumhq\selenium\selenium-java\3.0.0\selenium-java-3.0.0.jar;C:\Users\curso\.m2\repository\org\seleniumhq\selenium\selenium-chrome-driver\3.0.0\selenium-chrome-driver-3.0.0.jar;C:\Users\curso\.m2\repository\org\seleniumhq\selenium\selenium-remote-driver\3.0.0\selenium-remote-driver-3.0.0.jar;C:\Users\curso\.m2\repository\org\seleniumhq\selenium\selenium-api\3.0.0\selenium-api-3.0.0.jar;C:\Users\curso\.m2\repository\cglib\cglib-nodep\3.2.4\cglib-nodep-3.2.4.jar;C:\Users\curso\.m2\repository\org\apache\commons\commons-exec\1.3\commons-exec-1.3.jar;C:\Users\curso\.m2\repository\com\google\code\gson\gson\2.3.1\gson-2.3.1.jar;C:\Users\curso\.m2\repository\com\google\guava\guava\19.0\guava-19.0.jar;C:\Users\curso\.m2\repository\org\apache\httpcomponents\httpmime\4.5.2\httpmime-4.5.2.jar;C:\Users\curso\.m2\repository\org\apache\httpcomponents\httpclient\4.5.2\httpclient-4.5.2.jar;C:\Users\curso\.m2\repository\org\apache\httpcomponents\httpcore\4.4.4\httpcore-4.4.4.jar;C:\Users\curso\.m2\repository\commons-logging\commons-logging\1.2\commons-logging-1.2.jar;C:\Users\curso\.m2\repository\commons-codec\commons-codec\1.9\commons-codec-1.9.jar;C:\Users\curso\.m2\repository\net\java\dev\jna\jna-platform\4.1.0\jna-platform-4.1.0.jar;C:\Users\curso\.m2\repository\net\java\dev\jna\jna\4.1.0\jna-4.1.0.jar;C:\Users\curso\.m2\repository\org\seleniumhq\selenium\selenium-edge-driver\3.0.0\selenium-edge-driver-3.0.0.jar;C:\Users\curso\.m2\repository\org\seleniumhq\selenium\selenium-firefox-driver\3.0.0\selenium-firefox-driver-3.0.0.jar;C:\Users\curso\.m2\repository\org\seleniumhq\selenium\selenium-ie-driver\3.0.0\selenium-ie-driver-3.0.0.jar;C:\Users\curso\.m2\repository\org\seleniumhq\selenium\selenium-opera-driver\3.0.0\selenium-opera-driver-3.0.0.jar;C:\Users\curso\.m2\repository\org\seleniumhq\selenium\selenium-safari-driver\3.0.0\selenium-safari-driver-3.0.0.jar;C:\Users\curso\.m2\repository\io\netty\netty\3.5.7.Final\netty-3.5.7.Final.jar;C:\Users\curso\.m2\repository\org\seleniumhq\selenium\selenium-support\3.0.0\selenium-support-3.0.0.jar;C:\Users\curso\.m2\repository\com\codeborne\phantomjsdriver\1.3.0\phantomjsdriver-1.3.0.jar;C:\Users\curso\.m2\repository\org\mockito\mockito-all\1.10.19\mockito-all-1.10.19.jar;C:\Users\curso\.m2\repository\org\apache\tomcat\tomcat-catalina\7.0.72\tomcat-catalina-7.0.72.jar;C:\Users\curso\.m2\repository\org\apache\tomcat\tomcat-servlet-api\7.0.72\tomcat-servlet-api-7.0.72.jar;C:\Users\curso\.m2\repository\org\apache\tomcat\tomcat-juli\7.0.72\tomcat-juli-7.0.72.jar;C:\Users\curso\.m2\repository\org\apache\tomcat\tomcat-annotations-api\7.0.72\tomcat-annotations-api-7.0.72.jar;C:\Users\curso\.m2\repository\org\apache\tomcat\tomcat-api\7.0.72\tomcat-api-7.0.72.jar;C:\Users\curso\.m2\repository\org\apache\tomcat\tomcat-util\7.0.72\tomcat-util-7.0.72.jar;"/>
    <property name="java.vm.specification.version" value="1.8"/>
    <property name="sun.arch.data.model" value="64"/>
    <property name="java.home" value="C:\Program Files\Java\jdk1.8.0_111\jre"/>
    <property name="sun.java.command" value="C:\Users\curso\Ecosistema\workspace\ProyectoFinal\target\surefire\surefirebooter3431875712944078981.jar C:\Users\curso\Ecosistema\workspace\ProyectoFinal\target\surefire\surefire6112376659139279852tmp C:\Users\curso\Ecosistema\workspace\ProyectoFinal\target\surefire\surefire7957773155431374931tmp"/>
    <property name="java.specification.vendor" value="Oracle Corporation"/>
    <property name="user.language" value="en"/>
    <property name="user.language.format" value="es"/>
    <property name="awt.toolkit" value="sun.awt.windows.WToolkit"/>
    <property name="java.vm.info" value="mixed mode"/>
    <property name="java.version" value="1.8.0_111"/>
    <property name="java.ext.dirs" value="C:\Program Files\Java\jdk1.8.0_111\jre\lib\ext;C:\Windows\Sun\Java\lib\ext"/>
    <property name="sun.boot.class.path" value="C:\Program Files\Java\jdk1.8.0_111\jre\lib\resources.jar;C:\Program Files\Java\jdk1.8.0_111\jre\lib\rt.jar;C:\Program Files\Java\jdk1.8.0_111\jre\lib\sunrsasign.jar;C:\Program Files\Java\jdk1.8.0_111\jre\lib\jsse.jar;C:\Program Files\Java\jdk1.8.0_111\jre\lib\jce.jar;C:\Program Files\Java\jdk1.8.0_111\jre\lib\charsets.jar;C:\Program Files\Java\jdk1.8.0_111\jre\lib\jfr.jar;C:\Program Files\Java\jdk1.8.0_111\jre\classes"/>
    <property name="java.vendor" value="Oracle Corporation"/>
    <property name="localRepository" value="C:\Users\curso\.m2\repository"/>
    <property name="file.separator" value="\"/>
    <property name="java.vendor.url.bug" value="http://bugreport.sun.com/bugreport/"/>
    <property name="sun.cpu.endian" value="little"/>
    <property name="sun.io.unicode.encoding" value="UnicodeLittle"/>
    <property name="sun.desktop" value="windows"/>
    <property name="sun.cpu.isalist" value="amd64"/>
  </properties>
  <testcase classname="com.deimos.PruebaUT" name="test" time="0.007"/>
</testsuite>